INFO: 2020-10-07 22:56:16,159: Reading pgn data from s3a://erops-chess/lichess-db/lichess_db_standard_rated_2015-1*.pgn ..........
INFO: 2020-10-07 22:56:33,379: 11157359 total games loaded .............. 
INFO: 2020-10-07 22:57:23,699: 11157356 Games processed
INFO: 2020-10-07 22:57:23,699: Games DF Schema:
INFO: 2020-10-07 22:57:23,700: root
 |-- event: string (nullable = true)
 |-- gameid: string (nullable = true)
 |-- white: string (nullable = true)
 |-- black: string (nullable = true)
 |-- result: string (nullable = true)
 |-- whiteelo: integer (nullable = true)
 |-- blackelo: integer (nullable = true)
 |-- eco: string (nullable = true)
 |-- opening: string (nullable = true)
 |-- timecontrol: string (nullable = true)
 |-- termination: string (nullable = true)
 |-- moves: string (nullable = true)
 |-- datetime: string (nullable = false)
 |-- timestamp: long (nullable = true)

INFO: 2020-10-07 22:57:23,701: Top few rows of the games DF:
INFO: 2020-10-07 22:59:43,366: [Row(event='Rated Classical tournament https://lichess.org/tournament/SNJRHagW', gameid='lichess/007ZbaKq', white='arlequeen', black='Antonio251', result='0-1', whiteelo=1367, blackelo=1800, eco='C31', opening="King's Gambit Declined: Falkbeer Countergambit", timecontrol='600+0', termination='Normal', moves='1. e4 e5 2. f4 d5 3. fxe5 Qh4+ 4. g3 Qxe4+ 5. Kf2 Qxh1 6. Bg2 Qxh2 7. Kf3 Qh5+ 8. Kf4 Qxd1 9. Kg5 Be7+ 10. Kf4 Qxc1 11. Ke3 Qxg1+ 12. Kd3 Qxg2 13. Kc3 Qe4 14. Kb3 Qc4# 0-1', datetime='2015.12.12 09:03:09', timestamp=1449910989), Row(event='Rated Classical game', gameid='lichess/008Ejkoz', white='vinhasale', black='laslonadjlacika', result='1-0', whiteelo=1730, blackelo=1577, eco='B06', opening='Modern Defense', timecontrol='300+5', termination='Time forfeit', moves='1. e4 g6 2. Qf3 Bg7 3. c3 Nf6 4. h3 b6 5. Ne2 Bb7 6. Ng3 Nc6 7. Qe3 Ne5 8. Be2 h6 9. O-O O-O 10. d4 Nc6 11. b4 a6 12. a4 Nb8 13. Bd3 d6 14. Bc2 Qd7 15. Qf3 Nh7 16. Qe3 Qe6 17. f4 h5 18. Nd2 b5 19. a5 Qd7 20. Bb3 Nf6 21. Nf3 e6 22. Ng5 Qc6 23. Re1 Bh6 24. Qf3 Bxg5 25. fxg5 Nh7 26. h4 Bc8 27. Bb2 f6 28. Bc1 fxg5 29. Qd3 g4 30. e5 Bd7 31. Qxg6+ Kh8 32. Nxh5 Rg8 33. Qh6 Be8 34. Nf6 Rg7 35. Bxe6 Nd7 36. Bxd7 Bxd7 37. Bg5 Qxc3 38. Nxd7 Qxd4+ 39. Kh1 Qxb4 40. Bf6 1-0', datetime='2015.12.17 16:31:15', timestamp=1450369875), Row(event='Rated Classical game', gameid='lichess/008ISRLZ', white='emmab83', black='VictorPalacios', result='1-0', whiteelo=1648, blackelo=1563, eco='D06', opening="Queen's Gambit Refused: Austrian Defense", timecontrol='600+5', termination='Normal', moves='1. d4 { [%eval 0.17] } 1... d5 { [%eval 0.13] } 2. c4 { [%eval 0.15] } 2... c5 { [%eval 0.43] } 3. cxd5 { [%eval 0.43] } 3... Qxd5 { [%eval 0.37] } 4. Nc3 { [%eval 0.15] } 4... Qd6?! { [%eval 1.07] } 5. Nf3 { [%eval 0.69] } 5... cxd4 { [%eval 0.73] } 6. Nxd4 { [%eval 0.51] } 6... e5 { [%eval 0.48] } 7. Nf3?! { [%eval -0.08] } 7... Qxd1+ { [%eval -0.01] } 8. Nxd1 { [%eval -0.12] } 8... Bb4+ { [%eval 0.06] } 9. Nc3 { [%eval -0.05] } 9... Nf6?! { [%eval 0.45] } 10. Nxe5 { [%eval 0.47] } 10... Nd5 { [%eval 0.75] } 11. Bd2 { [%eval 0.82] } 11... Nxc3 { [%eval 0.7] } 12. Bxc3 { [%eval 0.5] } 12... Bxc3+ { [%eval 0.49] } 13. bxc3 { [%eval 0.48] } 13... Nc6 { [%eval 0.75] } 14. Nxc6 { [%eval 0.61] } 14... bxc6 { [%eval 0.65] } 15. e3 { [%eval 0.68] } 15... Bb7 { [%eval 1.15] } 16. Rb1 { [%eval 1.07] } 16... O-O-O { [%eval 1.12] } 17. Bc4 { [%eval 1.3] } 17... f6 { [%eval 1.48] } 18. O-O?! { [%eval 0.75] } 18... Rhe8 { [%eval 1.21] } 19. Rb2 { [%eval 0.79] } 19... Re4 { [%eval 1.26] } 20. Bb3?! { [%eval 0.74] } 20... c5 { [%eval 1.09] } 21. Bc2 { [%eval 1.11] } 21... Rc4 { [%eval 0.98] } 22. Bxh7 { [%eval 0.59] } 22... Rxc3 { [%eval 0.56] } 23. Bf5+ { [%eval 0.46] } 23... Kc7 { [%eval 0.45] } 24. Rfb1 { [%eval 0.48] } 24... Rb8? { [%eval 1.62] } 25. h3 { [%eval 1.76] } 25... Bc8? { [%eval 4.38] } 26. Rxb8 { [%eval 4.48] } 26... Bxf5 { [%eval 4.31] } 27. R1b7+ { [%eval 4.43] } 27... Kc6 { [%eval 4.27] } 28. Rxa7 { [%eval 4.24] } 1-0', datetime='2015.12.29 22:12:37', timestamp=1451427157)]
INFO: 2020-10-07 23:57:25,448: 753708459 Moves processed
INFO: 2020-10-07 23:57:25,448: Moves DF Schema:
INFO: 2020-10-07 23:57:25,457: root
 |-- gameid: string (nullable = true)
 |-- result: string (nullable = true)
 |-- whiteelo: integer (nullable = true)
 |-- blackelo: integer (nullable = true)
 |-- timecontrol: string (nullable = true)
 |-- moves: string (nullable = false)
 |-- board_state: string (nullable = true)
 |-- move_no: integer (nullable = true)

INFO: 2020-10-07 23:57:25,457: Writing df to Cassandra table: chessdb.games .............
INFO: 2020-10-08 00:02:38,866: Writing complete .............
INFO: 2020-10-08 00:02:38,866: Writing df to Cassandra table: chessdb.moves .............
INFO: 2020-10-08 02:57:47,799: Writing complete .............
