INFO: 2020-10-07 04:26:48,354: Reading pgn data from s3a://erops-chess/lichess-db/lichess_db_standard_rated_2013*.pgn ..........
INFO: 2020-10-07 04:26:57,690: 3386435 total games loaded .............. 
INFO: 2020-10-07 04:27:17,362: 3386423 Games processed
INFO: 2020-10-07 04:27:17,362: Games DF Schema:
INFO: 2020-10-07 04:27:17,368: root
 |-- event: string (nullable = true)
 |-- gameid: string (nullable = true)
 |-- white: string (nullable = true)
 |-- black: string (nullable = true)
 |-- result: string (nullable = true)
 |-- whiteelo: integer (nullable = true)
 |-- blackelo: integer (nullable = true)
 |-- eco: string (nullable = true)
 |-- opening: string (nullable = true)
 |-- timecontrol: string (nullable = true)
 |-- termination: string (nullable = true)
 |-- moves: string (nullable = true)
 |-- datetime: string (nullable = false)
 |-- timestamp: long (nullable = true)

INFO: 2020-10-07 04:27:17,368: Top few rows of the games DF:
INFO: 2020-10-07 04:28:01,724: [Row(event='Rated Classical game', gameid='lichess/001o3obn', white='cleoplatre', black='konschess', result='1-0', whiteelo=1582, blackelo=1596, eco='A43', opening='Benoni Defense: Benoni Gambit Accepted', timecontrol='480+0', termination='Time forfeit', moves='1. d4 c5 2. dxc5 e6 3. Nc3 Bxc5 4. e3 Qa5 5. Nge2 Nc6 6. Bd2 Qb6 7. Rab1 Ne5 8. Na4 Qb5 9. Nxc5 Qxc5 10. Nc3 Nc4 11. Bxc4 Qxc4 12. b3 Qc6 13. Qg4 g6 14. O-O f5 15. Qh3 Nf6 16. Qh6 b6 17. e4 fxe4 18. Bg5 Rhf8 19. Bxf6 Rxf6 20. Ne2 Bb7 21. Qg7 Rf7 22. Qh8+ Rff8 23. Qxh7 O-O-O 24. Ng3 e3 25. f3 Qc5 26. Kh1 Kb8 27. Qxg6 Rfg8 28. Qd3 Rgh8 29. c4 Rdg8 30. Ne4 Qh5 31. Qd6+ Ka8 32. Nf6 Qg5 33. Nxg8 Qxg8 34. Rbe1 Qg5 35. Kg1 Rg8 36. Qg3 Qd8 37. Qd6 Qg5 38. Qg3 Qd8 39. Qh3 Qf8 40. Rxe3 Rh8 41. Qg3 Rg8 42. Qh4 Rh8 43. Qf2 Qh6 44. g3 Qh3 45. Qg2 1-0', datetime='2013.12.26 00:49:13', timestamp=1388018953), Row(event='Rated Bullet game', gameid='lichess/0035qt4t', white='IgorKoc', black='Dragonro', result='1-0', whiteelo=1989, blackelo=1818, eco='B13', opening='Caro-Kann Defense: Exchange Variation', timecontrol='60+1', termination='Normal', moves='1. e4 c6 2. d4 d5 3. exd5 cxd5 4. Bd3 Nf6 5. Nf3 Nc6 6. c3 Bg4 7. Be3 e6 8. Nbd2 Bd6 9. h3 Bh5 10. g4 Bg6 11. Qb1 Qc7 12. Nf1 Be4 13. Nf1d2 Bg6 14. a4 Bf4 15. Bxf4 Qxf4 16. Qc2 Ne4 17. O-O-O Nxd2 18. Qxd2 Qxd2+ 19. Kxd2 Bxd3 20. Kxd3 O-O-O 21. Ng5 Rdf8 22. f4 h6 23. Nf3 f5 24. Ne5 Nxe5+ 25. fxe5 fxg4 26. hxg4 Rf3+ 27. Ke2 Rhf8 28. Rdf1 Rxf1 29. Rxf1 Rxf1 30. Kxf1 Kc7 31. Kf2 Kc6 32. b3 a6 33. Kf3 b5 34. axb5+ Kxb5 35. Kf4 a5 36. g5 hxg5+ 37. Kxg5 a4 38. bxa4+ Kxa4 39. Kg6 Kb3 40. Kf7 Kxc3 41. Kxe6 Kxd4 42. Kd6 Kc4 43. e6 d4 44. e7 d3 45. e8=Q d2 46. Qe2+ Kc3 47. Qd1 g5 48. Ke5 g4 49. Kf4 g3 50. Kxg3 1-0', datetime='2013.09.04 17:47:34', timestamp=1378316854), Row(event='Rated Classical game', gameid='lichess/004lfjlh', white='olopolopolop', black='mamalak', result='0-1', whiteelo=1500, blackelo=1442, eco='A00', opening="Van't Kruijs ", timecontrol='1200+10', termination='Time forfeit', moves='1. e3 e6 2. Bb5 g6 3. b3 Bg7 4. Ba3 Bxa1 5. Qf3 c6 6. Bd3 Qf6 7. Nh3 Qxf3 8. gxf3 Nf6 9. Ng5 d5 10. Rg1 Nbd7 11. Nc3 Bxc3 12. dxc3 Ne5 13. Ke2 Nxd3 14. Kxd3 b6 15. Ke2 c5 16. Rg2 O-O 17. Rg3 Re8 18. f4 c4 19. Bd6 cxb3 0-1', datetime='2013.01.02 07:32:12', timestamp=1357111932)]
INFO: 2020-10-07 04:45:32,429: 229936955 Moves processed
INFO: 2020-10-07 04:45:32,430: Moves DF Schema:
INFO: 2020-10-07 04:45:32,430: root
 |-- gameid: string (nullable = true)
 |-- result: string (nullable = true)
 |-- whiteelo: integer (nullable = true)
 |-- blackelo: integer (nullable = true)
 |-- timecontrol: string (nullable = true)
 |-- moves: string (nullable = false)
 |-- board_state: string (nullable = true)
 |-- move_no: integer (nullable = true)

INFO: 2020-10-07 04:45:32,431: Writing df to Cassandra table: chessdb.games .............
INFO: 2020-10-07 04:47:07,279: Writing complete .............
INFO: 2020-10-07 04:47:07,279: Writing df to Cassandra table: chessdb.moves .............
INFO: 2020-10-07 05:38:07,601: Writing complete .............
