INFO: 2020-10-10 01:47:23,261: Reading pgn data from s3a://erops-chess/lichess-db/lichess_db_standard_rated_2016-0[1-5]* ..........
INFO: 2020-10-10 01:47:49,292: 27735581 total games loaded .............. 
INFO: 2020-10-10 01:49:34,284: 27735572 Games processed
INFO: 2020-10-10 01:49:34,284: Games DF Schema:
INFO: 2020-10-10 01:49:34,285: root
 |-- event: string (nullable = true)
 |-- gameid: string (nullable = true)
 |-- white: string (nullable = true)
 |-- black: string (nullable = true)
 |-- result: string (nullable = true)
 |-- whiteelo: integer (nullable = true)
 |-- blackelo: integer (nullable = true)
 |-- eco: string (nullable = true)
 |-- opening: string (nullable = true)
 |-- timecontrol: string (nullable = true)
 |-- termination: string (nullable = true)
 |-- moves: string (nullable = true)
 |-- datetime: string (nullable = false)
 |-- timestamp: long (nullable = true)

INFO: 2020-10-10 01:49:34,285: Top few rows of the games DF:
INFO: 2020-10-10 01:55:10,489: [Row(event='Rated Blitz game', gameid='lichess/002VUTKW', white='Smeghead', black='Askar2393', result='1-0', whiteelo=2004, blackelo=1997, eco='E04', opening='Catalan : Open Defense', timecontrol='180+0', termination='Normal', moves='1. d4 d5 2. c4 dxc4 3. Nf3 Nf6 4. g3 e6 5. Bg2 a6 6. Ne5 Nbd7 7. Nxc4 Be7 8. O-O O-O 9. Nc3 Rb8 10. a4 c5 11. Bf4 Ra8 12. a5 cxd4 13. Qxd4 Bc5 14. Qd1 Re8 15. Bd6 h6 16. Bxc5 Nxc5 17. Nb6 Rb8 18. b4 Ncd7 19. Nca4 Qc7 20. Rc1 Qe5 21. e3 Nxb6 22. Nxb6 Nd7 23. Nxc8 Rbxc8 24. Rxc8 Rxc8 25. Qxd7 Rf8 26. Qxb7 1-0', datetime='2016.05.16 13:43:19', timestamp=1463406199), Row(event='Rated Blitz game', gameid='lichess/002qoDob', white='Apolocreed', black='azuras', result='0-1', whiteelo=2012, blackelo=2035, eco='B40', opening='Sicilian Defense: Delayed Alapin Variation', timecontrol='180+0', termination='Normal', moves='1. e4 c5 2. Nf3 e6 3. c3 Nf6 4. Qc2 Qc7 5. Bc4 Nc6 6. O-O a6 7. d4 cxd4 8. cxd4 Na5 9. Bd3 Qxc2 10. Bxc2 b5 11. b3 Bb7 12. Re1 Rc8 13. Bd3 Bb4 14. Re2 Rxc1+ 0-1', datetime='2016.05.15 18:33:00', timestamp=1463337180), Row(event='Rated Bullet game', gameid='lichess/003l8WbY', white='Kibitz42', black='sauloviski', result='1-0', whiteelo=2303, blackelo=2046, eco='D35', opening="Queen's Gambit Declined: Exchange Variation, Positional Variation #2", timecontrol='60+0', termination='Normal', moves='1. d4 { [%eval 0.14] } 1... e6 { [%eval 0.16] } 2. c4 { [%eval 0.14] } 2... d5 { [%eval 0.05] } 3. Nc3 { [%eval 0.17] } 3... Nf6 { [%eval 0.13] } 4. cxd5 { [%eval 0.02] } 4... exd5 { [%eval 0.0] } 5. Bg5 { [%eval -0.06] } 5... h6?! { [%eval 0.53] } 6. Bh4?! { [%eval 0.0] } 6... g5 { [%eval 0.08] } 7. Bg3 { [%eval 0.0] } 7... c6?! { [%eval 0.51] } 8. e3 { [%eval 0.56] } 8... Bg7 { [%eval 0.56] } 9. Bd3 { [%eval 0.53] } 9... h5 { [%eval 0.86] } 10. h4 { [%eval 0.91] } 10... g4 { [%eval 1.04] } 11. Nge2 { [%eval 0.99] } 11... Be6 { [%eval 1.03] } 12. Qc2 { [%eval 1.01] } 12... Nbd7 { [%eval 1.09] } 13. O-O { [%eval 1.1] } 13... Rc8 { [%eval 1.41] } 14. b4 { [%eval 1.1] } 14... b6? { [%eval 2.11] } 15. Ba6 { [%eval 2.12] } 15... Rc7? { [%eval 4.13] } 16. Bxc7?! { [%eval 3.34] } 16... Qxc7 { [%eval 3.31] } 17. Ng3? { [%eval 2.08] } 17... Nf8? { [%eval 4.18] } 18. Rac1? { [%eval 2.97] } 18... Ng6?! { [%eval 3.91] } 19. Nce2? { [%eval 2.64] } 19... Bd7 { [%eval 2.99] } 20. b5 { [%eval 2.74] } 20... Nxh4 { [%eval 4.98] } 21. bxc6 { [%eval 4.95] } 21... Be6 { [%eval 4.85] } 22. Nf4? { [%eval 2.62] } 22... Ke7 { [%eval 2.82] } 23. Rfe1 { [%eval 2.68] } 23... Ne4?? { [%eval 7.19] } 24. Nxe4 { [%eval 7.27] } 24... dxe4 { [%eval 7.57] } 25. Qxe4 { [%eval 7.4] } 25... f5? { [%eval 13.77] } 26. Qd3?? { [%eval 5.8] } 26... Kf6?? { [%eval 11.89] } 27. d5 { [%eval 11.18] } 27... Bf7 { [%eval 22.01] } 28. d6 { [%eval 22.66] } 28... Qd8 { [%eval 33.49] } 29. c7 { [%eval 21.22] } 29... Qd7?! { [%eval #20] } 30. c8=Q?! { [%eval 35.6] } 30... Rxc8 { [%eval 40.65] } 31. Rxc8 { [%eval 18.48] } 31... Qa4?! { [%eval #6] } 32. d7 { [%eval #7] } 32... Qa5 { [%eval #2] } 33. d8=Q+ { [%eval #1] } 33... Ke5 { [%eval #1] } 34. Q3d4# 1-0', datetime='2016.02.26 20:56:06', timestamp=1456520166)]
INFO: 2020-10-10 04:20:54,625: 1870195526 Moves processed
INFO: 2020-10-10 04:20:54,626: Moves DF Schema:
INFO: 2020-10-10 04:20:54,630: root
 |-- gameid: string (nullable = true)
 |-- result: string (nullable = true)
 |-- whiteelo: integer (nullable = true)
 |-- blackelo: integer (nullable = true)
 |-- timecontrol: string (nullable = true)
 |-- moves: string (nullable = false)
 |-- board_state: string (nullable = true)
 |-- move_no: integer (nullable = true)

INFO: 2020-10-10 04:20:54,630: Writing df to Cassandra table: chessdb.games .............
INFO: 2020-10-10 04:44:17,069: Writing complete .............
INFO: 2020-10-10 04:44:17,069: Writing df to Cassandra table: chessdb.moves .............
